# JRE version: Java(TM) SE Runtime Environment (8.0_191-b12) (build 1.8.0_191-b12)
# Java VM: Java HotSpot(TM) 64-Bit Server VM (25.191-b12 mixed mode linux-amd64 compressed oops)
Heap:
 PSYoungGen      total 404480K, used 0K [0x00000000d7e00000, 0x00000000f0d80000, 0x0000000100000000)
  eden space 399872K, 0% used [0x00000000d7e00000,0x00000000d7e00000,0x00000000f0480000)
  from space 4608K, 0% used [0x00000000f0480000,0x00000000f0480000,0x00000000f0900000)
  to   space 4608K, 0% used [0x00000000f0900000,0x00000000f0900000,0x00000000f0d80000)
 ParOldGen       total 83456K, used 2898K [0x0000000087a00000, 0x000000008cb80000, 0x00000000d7e00000)
  object space 83456K, 3% used [0x0000000087a00000,0x0000000087cd4be8,0x000000008cb80000)
 Metaspace       used 9186K, capacity 9618K, committed 9984K, reserved 1058816K
  class space    used 1262K, capacity 1410K, committed 1536K, reserved 1048576K
GC Heap History (10 events):
Event: 2,806 GC heap after
Heap after GC invocations=6 (full 0):
 PSYoungGen      total 128000K, used 2931K [0x00000000d7e00000, 0x00000000dfe00000, 0x0000000100000000)
  eden space 124928K, 0% used [0x00000000d7e00000,0x00000000d7e00000,0x00000000df800000)
  from space 3072K, 95% used [0x00000000dfb00000,0x00000000dfddccc0,0x00000000dfe00000)
  to   space 3072K, 0% used [0x00000000df800000,0x00000000df800000,0x00000000dfb00000)
 ParOldGen       total 83456K, used 8K [0x0000000087a00000, 0x000000008cb80000, 0x00000000d7e00000)
  object space 83456K, 0% used [0x0000000087a00000,0x0000000087a02000,0x000000008cb80000)
 Metaspace       used 9186K, capacity 9618K, committed 9984K, reserved 1058816K
  class space    used 1262K, capacity 1410K, committed 1536K, reserved 1048576K
}
Event: 3,355 GC heap before
{Heap before GC invocations=7 (full 0):
 PSYoungGen      total 128000K, used 127859K [0x00000000d7e00000, 0x00000000dfe00000, 0x0000000100000000)
  eden space 124928K, 100% used [0x00000000d7e00000,0x00000000df800000,0x00000000df800000)
  from space 3072K, 95% used [0x00000000dfb00000,0x00000000dfddccc0,0x00000000dfe00000)
  to   space 3072K, 0% used [0x00000000df800000,0x00000000df800000,0x00000000dfb00000)
 ParOldGen       total 83456K, used 8K [0x0000000087a00000, 0x000000008cb80000, 0x00000000d7e00000)
  object space 83456K, 0% used [0x0000000087a00000,0x0000000087a02000,0x000000008cb80000)
 Metaspace       used 9186K, capacity 9618K, committed 9984K, reserved 1058816K
  class space    used 1262K, capacity 1410K, committed 1536K, reserved 1048576K
Event: 3,371 GC heap after
Heap after GC invocations=7 (full 0):
 PSYoungGen      total 128000K, used 0K [0x00000000d7e00000, 0x00000000e7a00000, 0x0000000100000000)
  eden space 124928K, 0% used [0x00000000d7e00000,0x00000000d7e00000,0x00000000df800000)
  from space 3072K, 0% used [0x00000000df800000,0x00000000df800000,0x00000000dfb00000)
  to   space 4096K, 0% used [0x00000000e7600000,0x00000000e7600000,0x00000000e7a00000)
 ParOldGen       total 83456K, used 2898K [0x0000000087a00000, 0x000000008cb80000, 0x00000000d7e00000)
  object space 83456K, 3% used [0x0000000087a00000,0x0000000087cd4be8,0x000000008cb80000)
 Metaspace       used 9186K, capacity 9618K, committed 9984K, reserved 1058816K
  class space    used 1262K, capacity 1410K, committed 1536K, reserved 1048576K
}
Event: 3,838 GC heap before
{Heap before GC invocations=8 (full 0):
 PSYoungGen      total 128000K, used 124928K [0x00000000d7e00000, 0x00000000e7a00000, 0x0000000100000000)
  eden space 124928K, 100% used [0x00000000d7e00000,0x00000000df800000,0x00000000df800000)
  from space 3072K, 0% used [0x00000000df800000,0x00000000df800000,0x00000000dfb00000)
  to   space 4096K, 0% used [0x00000000e7600000,0x00000000e7600000,0x00000000e7a00000)
 ParOldGen       total 83456K, used 2898K [0x0000000087a00000, 0x000000008cb80000, 0x00000000d7e00000)
  object space 83456K, 3% used [0x0000000087a00000,0x0000000087cd4be8,0x000000008cb80000)
 Metaspace       used 9186K, capacity 9618K, committed 9984K, reserved 1058816K
  class space    used 1262K, capacity 1410K, committed 1536K, reserved 1048576K
Event: 3,844 GC heap after
Heap after GC invocations=8 (full 0):
 PSYoungGen      total 253952K, used 0K [0x00000000d7e00000, 0x00000000e7a00000, 0x0000000100000000)
  eden space 249856K, 0% used [0x00000000d7e00000,0x00000000d7e00000,0x00000000e7200000)
  from space 4096K, 0% used [0x00000000e7600000,0x00000000e7600000,0x00000000e7a00000)
  to   space 4096K, 0% used [0x00000000e7200000,0x00000000e7200000,0x00000000e7600000)
 ParOldGen       total 83456K, used 2898K [0x0000000087a00000, 0x000000008cb80000, 0x00000000d7e00000)
  object space 83456K, 3% used [0x0000000087a00000,0x0000000087cd4be8,0x000000008cb80000)
 Metaspace       used 9186K, capacity 9618K, committed 9984K, reserved 1058816K
  class space    used 1262K, capacity 1410K, committed 1536K, reserved 1048576K
}
Event: 4,969 GC heap before
{Heap before GC invocations=9 (full 0):
 PSYoungGen      total 253952K, used 249856K [0x00000000d7e00000, 0x00000000e7a00000, 0x0000000100000000)
  eden space 249856K, 100% used [0x00000000d7e00000,0x00000000e7200000,0x00000000e7200000)
  from space 4096K, 0% used [0x00000000e7600000,0x00000000e7600000,0x00000000e7a00000)
  to   space 4096K, 0% used [0x00000000e7200000,0x00000000e7200000,0x00000000e7600000)
 ParOldGen       total 83456K, used 2898K [0x0000000087a00000, 0x000000008cb80000, 0x00000000d7e00000)
  object space 83456K, 3% used [0x0000000087a00000,0x0000000087cd4be8,0x000000008cb80000)
 Metaspace       used 9186K, capacity 9618K, committed 9984K, reserved 1058816K
  class space    used 1262K, capacity 1410K, committed 1536K, reserved 1048576K
Event: 4,976 GC heap after
Heap after GC invocations=9 (full 0):
 PSYoungGen      total 253952K, used 0K [0x00000000d7e00000, 0x00000000f0d80000, 0x0000000100000000)
  eden space 249856K, 0% used [0x00000000d7e00000,0x00000000d7e00000,0x00000000e7200000)
  from space 4096K, 0% used [0x00000000e7200000,0x00000000e7200000,0x00000000e7600000)
  to   space 4608K, 0% used [0x00000000f0900000,0x00000000f0900000,0x00000000f0d80000)
 ParOldGen       total 83456K, used 2898K [0x0000000087a00000, 0x000000008cb80000, 0x00000000d7e00000)
  object space 83456K, 3% used [0x0000000087a00000,0x0000000087cd4be8,0x000000008cb80000)
 Metaspace       used 9186K, capacity 9618K, committed 9984K, reserved 1058816K
  class space    used 1262K, capacity 1410K, committed 1536K, reserved 1048576K
}
Event: 6,095 GC heap before
{Heap before GC invocations=10 (full 0):
 PSYoungGen      total 253952K, used 249856K [0x00000000d7e00000, 0x00000000f0d80000, 0x0000000100000000)
  eden space 249856K, 100% used [0x00000000d7e00000,0x00000000e7200000,0x00000000e7200000)
  from space 4096K, 0% used [0x00000000e7200000,0x00000000e7200000,0x00000000e7600000)
  to   space 4608K, 0% used [0x00000000f0900000,0x00000000f0900000,0x00000000f0d80000)
 ParOldGen       total 83456K, used 2898K [0x0000000087a00000, 0x000000008cb80000, 0x00000000d7e00000)
  object space 83456K, 3% used [0x0000000087a00000,0x0000000087cd4be8,0x000000008cb80000)
 Metaspace       used 9186K, capacity 9618K, committed 9984K, reserved 1058816K
  class space    used 1262K, capacity 1410K, committed 1536K, reserved 1048576K
Event: 6,150 GC heap after
Heap after GC invocations=10 (full 0):
 PSYoungGen      total 404480K, used 0K [0x00000000d7e00000, 0x00000000f0d80000, 0x0000000100000000)
  eden space 399872K, 0% used [0x00000000d7e00000,0x00000000d7e00000,0x00000000f0480000)
  from space 4608K, 0% used [0x00000000f0900000,0x00000000f0900000,0x00000000f0d80000)
  to   space 4608K, 0% used [0x00000000f0480000,0x00000000f0480000,0x00000000f0900000)
 ParOldGen       total 83456K, used 2898K [0x0000000087a00000, 0x000000008cb80000, 0x00000000d7e00000)
  object space 83456K, 3% used [0x0000000087a00000,0x0000000087cd4be8,0x000000008cb80000)
 Metaspace       used 9186K, capacity 9618K, committed 9984K, reserved 1058816K
  class space    used 1262K, capacity 1410K, committed 1536K, reserved 1048576K
}
Event: 8,284 GC heap before
{Heap before GC invocations=11 (full 0):
 PSYoungGen      total 404480K, used 399872K [0x00000000d7e00000, 0x00000000f0d80000, 0x0000000100000000)
  eden space 399872K, 100% used [0x00000000d7e00000,0x00000000f0480000,0x00000000f0480000)
  from space 4608K, 0% used [0x00000000f0900000,0x00000000f0900000,0x00000000f0d80000)
  to   space 4608K, 0% used [0x00000000f0480000,0x00000000f0480000,0x00000000f0900000)
 ParOldGen       total 83456K, used 2898K [0x0000000087a00000, 0x000000008cb80000, 0x00000000d7e00000)
  object space 83456K, 3% used [0x0000000087a00000,0x0000000087cd4be8,0x000000008cb80000)
 Metaspace       used 9186K, capacity 9618K, committed 9984K, reserved 1058816K
  class space    used 1262K, capacity 1410K, committed 1536K, reserved 1048576K

