# JRE version: Java(TM) SE Runtime Environment (8.0_191-b12) (build 1.8.0_191-b12)
# Java VM: Java HotSpot(TM) 64-Bit Server VM (25.191-b12 mixed mode linux-amd64 compressed oops)
Heap:
 PSYoungGen      total 403968K, used 0K [0x00000000d7e00000, 0x00000000f0d00000, 0x0000000100000000)
  eden space 399360K, 0% used [0x00000000d7e00000,0x00000000d7e00000,0x00000000f0400000)
  from space 4608K, 0% used [0x00000000f0400000,0x00000000f0400000,0x00000000f0880000)
  to   space 4608K, 0% used [0x00000000f0880000,0x00000000f0880000,0x00000000f0d00000)
 ParOldGen       total 83456K, used 2909K [0x0000000087a00000, 0x000000008cb80000, 0x00000000d7e00000)
  object space 83456K, 3% used [0x0000000087a00000,0x0000000087cd77d8,0x000000008cb80000)
 Metaspace       used 9231K, capacity 9626K, committed 9984K, reserved 1058816K
  class space    used 1263K, capacity 1410K, committed 1536K, reserved 1048576K
GC Heap History (10 events):
Event: 12,148 GC heap after
Heap after GC invocations=6 (full 0):
 PSYoungGen      total 128512K, used 3123K [0x00000000d7e00000, 0x00000000dff00000, 0x0000000100000000)
  eden space 124928K, 0% used [0x00000000d7e00000,0x00000000d7e00000,0x00000000df800000)
  from space 3584K, 87% used [0x00000000dfb80000,0x00000000dfe8ccc0,0x00000000dff00000)
  to   space 3584K, 0% used [0x00000000df800000,0x00000000df800000,0x00000000dfb80000)
 ParOldGen       total 83456K, used 24K [0x0000000087a00000, 0x000000008cb80000, 0x00000000d7e00000)
  object space 83456K, 0% used [0x0000000087a00000,0x0000000087a06000,0x000000008cb80000)
 Metaspace       used 9231K, capacity 9626K, committed 9984K, reserved 1058816K
  class space    used 1263K, capacity 1410K, committed 1536K, reserved 1048576K
}
Event: 13,215 GC heap before
{Heap before GC invocations=7 (full 0):
 PSYoungGen      total 128512K, used 128051K [0x00000000d7e00000, 0x00000000dff00000, 0x0000000100000000)
  eden space 124928K, 100% used [0x00000000d7e00000,0x00000000df800000,0x00000000df800000)
  from space 3584K, 87% used [0x00000000dfb80000,0x00000000dfe8ccc0,0x00000000dff00000)
  to   space 3584K, 0% used [0x00000000df800000,0x00000000df800000,0x00000000dfb80000)
 ParOldGen       total 83456K, used 24K [0x0000000087a00000, 0x000000008cb80000, 0x00000000d7e00000)
  object space 83456K, 0% used [0x0000000087a00000,0x0000000087a06000,0x000000008cb80000)
 Metaspace       used 9231K, capacity 9626K, committed 9984K, reserved 1058816K
  class space    used 1263K, capacity 1410K, committed 1536K, reserved 1048576K
Event: 13,227 GC heap after
Heap after GC invocations=7 (full 0):
 PSYoungGen      total 128512K, used 0K [0x00000000d7e00000, 0x00000000e7a00000, 0x0000000100000000)
  eden space 124928K, 0% used [0x00000000d7e00000,0x00000000d7e00000,0x00000000df800000)
  from space 3584K, 0% used [0x00000000df800000,0x00000000df800000,0x00000000dfb80000)
  to   space 4096K, 0% used [0x00000000e7600000,0x00000000e7600000,0x00000000e7a00000)
 ParOldGen       total 83456K, used 2909K [0x0000000087a00000, 0x000000008cb80000, 0x00000000d7e00000)
  object space 83456K, 3% used [0x0000000087a00000,0x0000000087cd77d8,0x000000008cb80000)
 Metaspace       used 9231K, capacity 9626K, committed 9984K, reserved 1058816K
  class space    used 1263K, capacity 1410K, committed 1536K, reserved 1048576K
}
Event: 13,978 GC heap before
{Heap before GC invocations=8 (full 0):
 PSYoungGen      total 128512K, used 124928K [0x00000000d7e00000, 0x00000000e7a00000, 0x0000000100000000)
  eden space 124928K, 100% used [0x00000000d7e00000,0x00000000df800000,0x00000000df800000)
  from space 3584K, 0% used [0x00000000df800000,0x00000000df800000,0x00000000dfb80000)
  to   space 4096K, 0% used [0x00000000e7600000,0x00000000e7600000,0x00000000e7a00000)
 ParOldGen       total 83456K, used 2909K [0x0000000087a00000, 0x000000008cb80000, 0x00000000d7e00000)
  object space 83456K, 3% used [0x0000000087a00000,0x0000000087cd77d8,0x000000008cb80000)
 Metaspace       used 9231K, capacity 9626K, committed 9984K, reserved 1058816K
  class space    used 1263K, capacity 1410K, committed 1536K, reserved 1048576K
Event: 13,983 GC heap after
Heap after GC invocations=8 (full 0):
 PSYoungGen      total 253440K, used 0K [0x00000000d7e00000, 0x00000000e7b00000, 0x0000000100000000)
  eden space 249344K, 0% used [0x00000000d7e00000,0x00000000d7e00000,0x00000000e7180000)
  from space 4096K, 0% used [0x00000000e7600000,0x00000000e7600000,0x00000000e7a00000)
  to   space 4608K, 0% used [0x00000000e7180000,0x00000000e7180000,0x00000000e7600000)
 ParOldGen       total 83456K, used 2909K [0x0000000087a00000, 0x000000008cb80000, 0x00000000d7e00000)
  object space 83456K, 3% used [0x0000000087a00000,0x0000000087cd77d8,0x000000008cb80000)
 Metaspace       used 9231K, capacity 9626K, committed 9984K, reserved 1058816K
  class space    used 1263K, capacity 1410K, committed 1536K, reserved 1048576K
}
Event: 15,263 GC heap before
{Heap before GC invocations=9 (full 0):
 PSYoungGen      total 253440K, used 249344K [0x00000000d7e00000, 0x00000000e7b00000, 0x0000000100000000)
  eden space 249344K, 100% used [0x00000000d7e00000,0x00000000e7180000,0x00000000e7180000)
  from space 4096K, 0% used [0x00000000e7600000,0x00000000e7600000,0x00000000e7a00000)
  to   space 4608K, 0% used [0x00000000e7180000,0x00000000e7180000,0x00000000e7600000)
 ParOldGen       total 83456K, used 2909K [0x0000000087a00000, 0x000000008cb80000, 0x00000000d7e00000)
  object space 83456K, 3% used [0x0000000087a00000,0x0000000087cd77d8,0x000000008cb80000)
 Metaspace       used 9231K, capacity 9626K, committed 9984K, reserved 1058816K
  class space    used 1263K, capacity 1410K, committed 1536K, reserved 1048576K
Event: 15,270 GC heap after
Heap after GC invocations=9 (full 0):
 PSYoungGen      total 253952K, used 0K [0x00000000d7e00000, 0x00000000f0d00000, 0x0000000100000000)
  eden space 249344K, 0% used [0x00000000d7e00000,0x00000000d7e00000,0x00000000e7180000)
  from space 4608K, 0% used [0x00000000e7180000,0x00000000e7180000,0x00000000e7600000)
  to   space 4608K, 0% used [0x00000000f0880000,0x00000000f0880000,0x00000000f0d00000)
 ParOldGen       total 83456K, used 2909K [0x0000000087a00000, 0x000000008cb80000, 0x00000000d7e00000)
  object space 83456K, 3% used [0x0000000087a00000,0x0000000087cd77d8,0x000000008cb80000)
 Metaspace       used 9231K, capacity 9626K, committed 9984K, reserved 1058816K
  class space    used 1263K, capacity 1410K, committed 1536K, reserved 1048576K
}
Event: 16,265 GC heap before
{Heap before GC invocations=10 (full 0):
 PSYoungGen      total 253952K, used 249344K [0x00000000d7e00000, 0x00000000f0d00000, 0x0000000100000000)
  eden space 249344K, 100% used [0x00000000d7e00000,0x00000000e7180000,0x00000000e7180000)
  from space 4608K, 0% used [0x00000000e7180000,0x00000000e7180000,0x00000000e7600000)
  to   space 4608K, 0% used [0x00000000f0880000,0x00000000f0880000,0x00000000f0d00000)
 ParOldGen       total 83456K, used 2909K [0x0000000087a00000, 0x000000008cb80000, 0x00000000d7e00000)
  object space 83456K, 3% used [0x0000000087a00000,0x0000000087cd77d8,0x000000008cb80000)
 Metaspace       used 9231K, capacity 9626K, committed 9984K, reserved 1058816K
  class space    used 1263K, capacity 1410K, committed 1536K, reserved 1048576K
Event: 16,271 GC heap after
Heap after GC invocations=10 (full 0):
 PSYoungGen      total 403968K, used 0K [0x00000000d7e00000, 0x00000000f0d00000, 0x0000000100000000)
  eden space 399360K, 0% used [0x00000000d7e00000,0x00000000d7e00000,0x00000000f0400000)
  from space 4608K, 0% used [0x00000000f0880000,0x00000000f0880000,0x00000000f0d00000)
  to   space 4608K, 0% used [0x00000000f0400000,0x00000000f0400000,0x00000000f0880000)
 ParOldGen       total 83456K, used 2909K [0x0000000087a00000, 0x000000008cb80000, 0x00000000d7e00000)
  object space 83456K, 3% used [0x0000000087a00000,0x0000000087cd77d8,0x000000008cb80000)
 Metaspace       used 9231K, capacity 9626K, committed 9984K, reserved 1058816K
  class space    used 1263K, capacity 1410K, committed 1536K, reserved 1048576K
}
Event: 18,778 GC heap before
{Heap before GC invocations=11 (full 0):
 PSYoungGen      total 403968K, used 399360K [0x00000000d7e00000, 0x00000000f0d00000, 0x0000000100000000)
  eden space 399360K, 100% used [0x00000000d7e00000,0x00000000f0400000,0x00000000f0400000)
  from space 4608K, 0% used [0x00000000f0880000,0x00000000f0880000,0x00000000f0d00000)
  to   space 4608K, 0% used [0x00000000f0400000,0x00000000f0400000,0x00000000f0880000)
 ParOldGen       total 83456K, used 2909K [0x0000000087a00000, 0x000000008cb80000, 0x00000000d7e00000)
  object space 83456K, 3% used [0x0000000087a00000,0x0000000087cd77d8,0x000000008cb80000)
 Metaspace       used 9231K, capacity 9626K, committed 9984K, reserved 1058816K
  class space    used 1263K, capacity 1410K, committed 1536K, reserved 1048576K

