# JRE version: Java(TM) SE Runtime Environment (8.0_191-b12) (build 1.8.0_191-b12)
# Java VM: Java HotSpot(TM) 64-Bit Server VM (25.191-b12 mixed mode linux-amd64 compressed oops)
Heap:
 PSYoungGen      total 253440K, used 0K [0x00000000d7e00000, 0x00000000e7900000, 0x0000000100000000)
  eden space 249856K, 0% used [0x00000000d7e00000,0x00000000d7e00000,0x00000000e7200000)
  from space 3584K, 0% used [0x00000000e7200000,0x00000000e7200000,0x00000000e7580000)
  to   space 3584K, 0% used [0x00000000e7580000,0x00000000e7580000,0x00000000e7900000)
 ParOldGen       total 83456K, used 2951K [0x0000000087a00000, 0x000000008cb80000, 0x00000000d7e00000)
  object space 83456K, 3% used [0x0000000087a00000,0x0000000087ce1ff0,0x000000008cb80000)
 Metaspace       used 9202K, capacity 9626K, committed 9984K, reserved 1058816K
  class space    used 1262K, capacity 1410K, committed 1536K, reserved 1048576K
GC Heap History (10 events):
Event: 10,278 GC heap after
Heap after GC invocations=2 (full 0):
 PSYoungGen      total 67584K, used 2963K [0x00000000d7e00000, 0x00000000dc500000, 0x0000000100000000)
  eden space 62464K, 0% used [0x00000000d7e00000,0x00000000d7e00000,0x00000000dbb00000)
  from space 5120K, 57% used [0x00000000dc000000,0x00000000dc2e4cc0,0x00000000dc500000)
  to   space 5120K, 0% used [0x00000000dbb00000,0x00000000dbb00000,0x00000000dc000000)
 ParOldGen       total 83456K, used 24K [0x0000000087a00000, 0x000000008cb80000, 0x00000000d7e00000)
  object space 83456K, 0% used [0x0000000087a00000,0x0000000087a06000,0x000000008cb80000)
 Metaspace       used 9202K, capacity 9626K, committed 9984K, reserved 1058816K
  class space    used 1262K, capacity 1410K, committed 1536K, reserved 1048576K
}
Event: 10,876 GC heap before
{Heap before GC invocations=3 (full 0):
 PSYoungGen      total 67584K, used 65427K [0x00000000d7e00000, 0x00000000dc500000, 0x0000000100000000)
  eden space 62464K, 100% used [0x00000000d7e00000,0x00000000dbb00000,0x00000000dbb00000)
  from space 5120K, 57% used [0x00000000dc000000,0x00000000dc2e4cc0,0x00000000dc500000)
  to   space 5120K, 0% used [0x00000000dbb00000,0x00000000dbb00000,0x00000000dc000000)
 ParOldGen       total 83456K, used 24K [0x0000000087a00000, 0x000000008cb80000, 0x00000000d7e00000)
  object space 83456K, 0% used [0x0000000087a00000,0x0000000087a06000,0x000000008cb80000)
 Metaspace       used 9202K, capacity 9626K, committed 9984K, reserved 1058816K
  class space    used 1262K, capacity 1410K, committed 1536K, reserved 1048576K
Event: 10,887 GC heap after
Heap after GC invocations=3 (full 0):
 PSYoungGen      total 67584K, used 2931K [0x00000000d7e00000, 0x00000000e0200000, 0x0000000100000000)
  eden space 62464K, 0% used [0x00000000d7e00000,0x00000000d7e00000,0x00000000dbb00000)
  from space 5120K, 57% used [0x00000000dbb00000,0x00000000dbddccc0,0x00000000dc000000)
  to   space 5120K, 0% used [0x00000000dfd00000,0x00000000dfd00000,0x00000000e0200000)
 ParOldGen       total 83456K, used 24K [0x0000000087a00000, 0x000000008cb80000, 0x00000000d7e00000)
  object space 83456K, 0% used [0x0000000087a00000,0x0000000087a06000,0x000000008cb80000)
 Metaspace       used 9202K, capacity 9626K, committed 9984K, reserved 1058816K
  class space    used 1262K, capacity 1410K, committed 1536K, reserved 1048576K
}
Event: 11,350 GC heap before
{Heap before GC invocations=4 (full 0):
 PSYoungGen      total 67584K, used 65395K [0x00000000d7e00000, 0x00000000e0200000, 0x0000000100000000)
  eden space 62464K, 100% used [0x00000000d7e00000,0x00000000dbb00000,0x00000000dbb00000)
  from space 5120K, 57% used [0x00000000dbb00000,0x00000000dbddccc0,0x00000000dc000000)
  to   space 5120K, 0% used [0x00000000dfd00000,0x00000000dfd00000,0x00000000e0200000)
 ParOldGen       total 83456K, used 24K [0x0000000087a00000, 0x000000008cb80000, 0x00000000d7e00000)
  object space 83456K, 0% used [0x0000000087a00000,0x0000000087a06000,0x000000008cb80000)
 Metaspace       used 9202K, capacity 9626K, committed 9984K, reserved 1058816K
  class space    used 1262K, capacity 1410K, committed 1536K, reserved 1048576K
Event: 11,362 GC heap after
Heap after GC invocations=4 (full 0):
 PSYoungGen      total 130048K, used 2931K [0x00000000d7e00000, 0x00000000e0200000, 0x0000000100000000)
  eden space 124928K, 0% used [0x00000000d7e00000,0x00000000d7e00000,0x00000000df800000)
  from space 5120K, 57% used [0x00000000dfd00000,0x00000000dffdccc0,0x00000000e0200000)
  to   space 5120K, 0% used [0x00000000df800000,0x00000000df800000,0x00000000dfd00000)
 ParOldGen       total 83456K, used 24K [0x0000000087a00000, 0x000000008cb80000, 0x00000000d7e00000)
  object space 83456K, 0% used [0x0000000087a00000,0x0000000087a06000,0x000000008cb80000)
 Metaspace       used 9202K, capacity 9626K, committed 9984K, reserved 1058816K
  class space    used 1262K, capacity 1410K, committed 1536K, reserved 1048576K
}
Event: 12,849 GC heap before
{Heap before GC invocations=5 (full 0):
 PSYoungGen      total 130048K, used 127859K [0x00000000d7e00000, 0x00000000e0200000, 0x0000000100000000)
  eden space 124928K, 100% used [0x00000000d7e00000,0x00000000df800000,0x00000000df800000)
  from space 5120K, 57% used [0x00000000dfd00000,0x00000000dffdccc0,0x00000000e0200000)
  to   space 5120K, 0% used [0x00000000df800000,0x00000000df800000,0x00000000dfd00000)
 ParOldGen       total 83456K, used 24K [0x0000000087a00000, 0x000000008cb80000, 0x00000000d7e00000)
  object space 83456K, 0% used [0x0000000087a00000,0x0000000087a06000,0x000000008cb80000)
 Metaspace       used 9202K, capacity 9626K, committed 9984K, reserved 1058816K
  class space    used 1262K, capacity 1410K, committed 1536K, reserved 1048576K
Event: 12,859 GC heap after
Heap after GC invocations=5 (full 0):
 PSYoungGen      total 130048K, used 2931K [0x00000000d7e00000, 0x00000000e7900000, 0x0000000100000000)
  eden space 124928K, 0% used [0x00000000d7e00000,0x00000000d7e00000,0x00000000df800000)
  from space 5120K, 57% used [0x00000000df800000,0x00000000dfadccc0,0x00000000dfd00000)
  to   space 3584K, 0% used [0x00000000e7580000,0x00000000e7580000,0x00000000e7900000)
 ParOldGen       total 83456K, used 24K [0x0000000087a00000, 0x000000008cb80000, 0x00000000d7e00000)
  object space 83456K, 0% used [0x0000000087a00000,0x0000000087a06000,0x000000008cb80000)
 Metaspace       used 9202K, capacity 9626K, committed 9984K, reserved 1058816K
  class space    used 1262K, capacity 1410K, committed 1536K, reserved 1048576K
}
Event: 13,223 GC heap before
{Heap before GC invocations=6 (full 0):
 PSYoungGen      total 130048K, used 127859K [0x00000000d7e00000, 0x00000000e7900000, 0x0000000100000000)
  eden space 124928K, 100% used [0x00000000d7e00000,0x00000000df800000,0x00000000df800000)
  from space 5120K, 57% used [0x00000000df800000,0x00000000dfadccc0,0x00000000dfd00000)
  to   space 3584K, 0% used [0x00000000e7580000,0x00000000e7580000,0x00000000e7900000)
 ParOldGen       total 83456K, used 24K [0x0000000087a00000, 0x000000008cb80000, 0x00000000d7e00000)
  object space 83456K, 0% used [0x0000000087a00000,0x0000000087a06000,0x000000008cb80000)
 Metaspace       used 9202K, capacity 9626K, committed 9984K, reserved 1058816K
  class space    used 1262K, capacity 1410K, committed 1536K, reserved 1048576K
Event: 13,242 GC heap after
Heap after GC invocations=6 (full 0):
 PSYoungGen      total 253440K, used 3075K [0x00000000d7e00000, 0x00000000e7900000, 0x0000000100000000)
  eden space 249856K, 0% used [0x00000000d7e00000,0x00000000d7e00000,0x00000000e7200000)
  from space 3584K, 85% used [0x00000000e7580000,0x00000000e7880cd0,0x00000000e7900000)
  to   space 3584K, 0% used [0x00000000e7200000,0x00000000e7200000,0x00000000e7580000)
 ParOldGen       total 83456K, used 32K [0x0000000087a00000, 0x000000008cb80000, 0x00000000d7e00000)
  object space 83456K, 0% used [0x0000000087a00000,0x0000000087a08000,0x000000008cb80000)
 Metaspace       used 9202K, capacity 9626K, committed 9984K, reserved 1058816K
  class space    used 1262K, capacity 1410K, committed 1536K, reserved 1048576K
}
Event: 14,119 GC heap before
{Heap before GC invocations=7 (full 0):
 PSYoungGen      total 253440K, used 252931K [0x00000000d7e00000, 0x00000000e7900000, 0x0000000100000000)
  eden space 249856K, 100% used [0x00000000d7e00000,0x00000000e7200000,0x00000000e7200000)
  from space 3584K, 85% used [0x00000000e7580000,0x00000000e7880cd0,0x00000000e7900000)
  to   space 3584K, 0% used [0x00000000e7200000,0x00000000e7200000,0x00000000e7580000)
 ParOldGen       total 83456K, used 32K [0x0000000087a00000, 0x000000008cb80000, 0x00000000d7e00000)
  object space 83456K, 0% used [0x0000000087a00000,0x0000000087a08000,0x000000008cb80000)
 Metaspace       used 9202K, capacity 9626K, committed 9984K, reserved 1058816K
  class space    used 1262K, capacity 1410K, committed 1536K, reserved 1048576K

