# JRE version: Java(TM) SE Runtime Environment (8.0_191-b12) (build 1.8.0_191-b12)
# Java VM: Java HotSpot(TM) 64-Bit Server VM (25.191-b12 mixed mode linux-amd64 compressed oops)
Heap:
 PSYoungGen      total 128512K, used 0K [0x00000000d7e00000, 0x00000000dff00000, 0x0000000100000000)
  eden space 124928K, 0% used [0x00000000d7e00000,0x00000000d7e00000,0x00000000df800000)
  from space 3584K, 0% used [0x00000000df800000,0x00000000df800000,0x00000000dfb80000)
  to   space 3584K, 0% used [0x00000000dfb80000,0x00000000dfb80000,0x00000000dff00000)
 ParOldGen       total 83456K, used 2915K [0x0000000087a00000, 0x000000008cb80000, 0x00000000d7e00000)
  object space 83456K, 3% used [0x0000000087a00000,0x0000000087cd8fe0,0x000000008cb80000)
 Metaspace       used 9226K, capacity 9626K, committed 9984K, reserved 1058816K
  class space    used 1263K, capacity 1410K, committed 1536K, reserved 1048576K
GC Heap History (10 events):
Event: 8,995 GC heap after
Heap after GC invocations=2 (full 0):
 PSYoungGen      total 36352K, used 3059K [0x00000000d7e00000, 0x00000000dc500000, 0x0000000100000000)
  eden space 31232K, 0% used [0x00000000d7e00000,0x00000000d7e00000,0x00000000d9c80000)
  from space 5120K, 59% used [0x00000000da180000,0x00000000da47ccc0,0x00000000da680000)
  to   space 5120K, 0% used [0x00000000d9c80000,0x00000000d9c80000,0x00000000da180000)
 ParOldGen       total 83456K, used 24K [0x0000000087a00000, 0x000000008cb80000, 0x00000000d7e00000)
  object space 83456K, 0% used [0x0000000087a00000,0x0000000087a06000,0x000000008cb80000)
 Metaspace       used 9226K, capacity 9626K, committed 9984K, reserved 1058816K
  class space    used 1263K, capacity 1410K, committed 1536K, reserved 1048576K
}
Event: 9,255 GC heap before
{Heap before GC invocations=3 (full 0):
 PSYoungGen      total 36352K, used 34291K [0x00000000d7e00000, 0x00000000dc500000, 0x0000000100000000)
  eden space 31232K, 100% used [0x00000000d7e00000,0x00000000d9c80000,0x00000000d9c80000)
  from space 5120K, 59% used [0x00000000da180000,0x00000000da47ccc0,0x00000000da680000)
  to   space 5120K, 0% used [0x00000000d9c80000,0x00000000d9c80000,0x00000000da180000)
 ParOldGen       total 83456K, used 24K [0x0000000087a00000, 0x000000008cb80000, 0x00000000d7e00000)
  object space 83456K, 0% used [0x0000000087a00000,0x0000000087a06000,0x000000008cb80000)
 Metaspace       used 9226K, capacity 9626K, committed 9984K, reserved 1058816K
  class space    used 1263K, capacity 1410K, committed 1536K, reserved 1048576K
Event: 9,404 GC heap after
Heap after GC invocations=3 (full 0):
 PSYoungGen      total 36352K, used 3044K [0x00000000d7e00000, 0x00000000dc500000, 0x0000000100000000)
  eden space 31232K, 0% used [0x00000000d7e00000,0x00000000d7e00000,0x00000000d9c80000)
  from space 5120K, 59% used [0x00000000d9c80000,0x00000000d9f79100,0x00000000da180000)
  to   space 5120K, 0% used [0x00000000dc000000,0x00000000dc000000,0x00000000dc500000)
 ParOldGen       total 83456K, used 24K [0x0000000087a00000, 0x000000008cb80000, 0x00000000d7e00000)
  object space 83456K, 0% used [0x0000000087a00000,0x0000000087a06000,0x000000008cb80000)
 Metaspace       used 9226K, capacity 9626K, committed 9984K, reserved 1058816K
  class space    used 1263K, capacity 1410K, committed 1536K, reserved 1048576K
}
Event: 9,585 GC heap before
{Heap before GC invocations=4 (full 0):
 PSYoungGen      total 36352K, used 34276K [0x00000000d7e00000, 0x00000000dc500000, 0x0000000100000000)
  eden space 31232K, 100% used [0x00000000d7e00000,0x00000000d9c80000,0x00000000d9c80000)
  from space 5120K, 59% used [0x00000000d9c80000,0x00000000d9f79100,0x00000000da180000)
  to   space 5120K, 0% used [0x00000000dc000000,0x00000000dc000000,0x00000000dc500000)
 ParOldGen       total 83456K, used 24K [0x0000000087a00000, 0x000000008cb80000, 0x00000000d7e00000)
  object space 83456K, 0% used [0x0000000087a00000,0x0000000087a06000,0x000000008cb80000)
 Metaspace       used 9226K, capacity 9626K, committed 9984K, reserved 1058816K
  class space    used 1263K, capacity 1410K, committed 1536K, reserved 1048576K
Event: 9,636 GC heap after
Heap after GC invocations=4 (full 0):
 PSYoungGen      total 67584K, used 3075K [0x00000000d7e00000, 0x00000000dc500000, 0x0000000100000000)
  eden space 62464K, 0% used [0x00000000d7e00000,0x00000000d7e00000,0x00000000dbb00000)
  from space 5120K, 60% used [0x00000000dc000000,0x00000000dc300ed8,0x00000000dc500000)
  to   space 5120K, 0% used [0x00000000dbb00000,0x00000000dbb00000,0x00000000dc000000)
 ParOldGen       total 83456K, used 24K [0x0000000087a00000, 0x000000008cb80000, 0x00000000d7e00000)
  object space 83456K, 0% used [0x0000000087a00000,0x0000000087a06000,0x000000008cb80000)
 Metaspace       used 9226K, capacity 9626K, committed 9984K, reserved 1058816K
  class space    used 1263K, capacity 1410K, committed 1536K, reserved 1048576K
}
Event: 10,232 GC heap before
{Heap before GC invocations=5 (full 0):
 PSYoungGen      total 67584K, used 65539K [0x00000000d7e00000, 0x00000000dc500000, 0x0000000100000000)
  eden space 62464K, 100% used [0x00000000d7e00000,0x00000000dbb00000,0x00000000dbb00000)
  from space 5120K, 60% used [0x00000000dc000000,0x00000000dc300ed8,0x00000000dc500000)
  to   space 5120K, 0% used [0x00000000dbb00000,0x00000000dbb00000,0x00000000dc000000)
 ParOldGen       total 83456K, used 24K [0x0000000087a00000, 0x000000008cb80000, 0x00000000d7e00000)
  object space 83456K, 0% used [0x0000000087a00000,0x0000000087a06000,0x000000008cb80000)
 Metaspace       used 9226K, capacity 9626K, committed 9984K, reserved 1058816K
  class space    used 1263K, capacity 1410K, committed 1536K, reserved 1048576K
Event: 10,267 GC heap after
Heap after GC invocations=5 (full 0):
 PSYoungGen      total 67584K, used 2996K [0x00000000d7e00000, 0x00000000dff00000, 0x0000000100000000)
  eden space 62464K, 0% used [0x00000000d7e00000,0x00000000d7e00000,0x00000000dbb00000)
  from space 5120K, 58% used [0x00000000dbb00000,0x00000000dbded0f0,0x00000000dc000000)
  to   space 3584K, 0% used [0x00000000dfb80000,0x00000000dfb80000,0x00000000dff00000)
 ParOldGen       total 83456K, used 24K [0x0000000087a00000, 0x000000008cb80000, 0x00000000d7e00000)
  object space 83456K, 0% used [0x0000000087a00000,0x0000000087a06000,0x000000008cb80000)
 Metaspace       used 9226K, capacity 9626K, committed 9984K, reserved 1058816K
  class space    used 1263K, capacity 1410K, committed 1536K, reserved 1048576K
}
Event: 10,601 GC heap before
{Heap before GC invocations=6 (full 0):
 PSYoungGen      total 67584K, used 65460K [0x00000000d7e00000, 0x00000000dff00000, 0x0000000100000000)
  eden space 62464K, 100% used [0x00000000d7e00000,0x00000000dbb00000,0x00000000dbb00000)
  from space 5120K, 58% used [0x00000000dbb00000,0x00000000dbded0f0,0x00000000dc000000)
  to   space 3584K, 0% used [0x00000000dfb80000,0x00000000dfb80000,0x00000000dff00000)
 ParOldGen       total 83456K, used 24K [0x0000000087a00000, 0x000000008cb80000, 0x00000000d7e00000)
  object space 83456K, 0% used [0x0000000087a00000,0x0000000087a06000,0x000000008cb80000)
 Metaspace       used 9226K, capacity 9626K, committed 9984K, reserved 1058816K
  class space    used 1263K, capacity 1410K, committed 1536K, reserved 1048576K
Event: 10,617 GC heap after
Heap after GC invocations=6 (full 0):
 PSYoungGen      total 128512K, used 2979K [0x00000000d7e00000, 0x00000000dff00000, 0x0000000100000000)
  eden space 124928K, 0% used [0x00000000d7e00000,0x00000000d7e00000,0x00000000df800000)
  from space 3584K, 83% used [0x00000000dfb80000,0x00000000dfe68ed8,0x00000000dff00000)
  to   space 3584K, 0% used [0x00000000df800000,0x00000000df800000,0x00000000dfb80000)
 ParOldGen       total 83456K, used 24K [0x0000000087a00000, 0x000000008cb80000, 0x00000000d7e00000)
  object space 83456K, 0% used [0x0000000087a00000,0x0000000087a06000,0x000000008cb80000)
 Metaspace       used 9226K, capacity 9626K, committed 9984K, reserved 1058816K
  class space    used 1263K, capacity 1410K, committed 1536K, reserved 1048576K
}
Event: 12,353 GC heap before
{Heap before GC invocations=7 (full 0):
 PSYoungGen      total 128512K, used 127907K [0x00000000d7e00000, 0x00000000dff00000, 0x0000000100000000)
  eden space 124928K, 100% used [0x00000000d7e00000,0x00000000df800000,0x00000000df800000)
  from space 3584K, 83% used [0x00000000dfb80000,0x00000000dfe68ed8,0x00000000dff00000)
  to   space 3584K, 0% used [0x00000000df800000,0x00000000df800000,0x00000000dfb80000)
 ParOldGen       total 83456K, used 24K [0x0000000087a00000, 0x000000008cb80000, 0x00000000d7e00000)
  object space 83456K, 0% used [0x0000000087a00000,0x0000000087a06000,0x000000008cb80000)
 Metaspace       used 9226K, capacity 9626K, committed 9984K, reserved 1058816K
  class space    used 1263K, capacity 1410K, committed 1536K, reserved 1048576K

